<?xml version="1.0" encoding="UTF-8"?>
<!-- Generated by org.testng.reporters.JUnitReportReporter -->
<testsuite skipped="9" hostname="DESKTOP-8VB0F45" name="com.testcases.homePageTest" tests="11" failures="0" timestamp="2022-01-12T13:29:33 IST" time="43.437" errors="0">
  <testcase name="homeUserProfileLogout" time="21.237" classname="com.testcases.homePageTest"/>
  <system-out/>
  <testcase name="homeSearchProject" time="22.200" classname="com.testcases.homePageTest"/>
  <system-out/>
  <testcase name="homeHeaderSearchBar" classname="com.testcases.homePageTest">
    <skipped/>
  </testcase> <!-- homeHeaderSearchBar -->
  <system-out/>
  <testcase name="homeUserProfile" classname="com.testcases.homePageTest">
    <skipped/>
  </testcase> <!-- homeUserProfile -->
  <system-out/>
  <testcase name="homeAppSettings" classname="com.testcases.homePageTest">
    <skipped/>
  </testcase> <!-- homeAppSettings -->
  <system-out/>
  <testcase name="homeCreateProject" classname="com.testcases.homePageTest">
    <skipped/>
  </testcase> <!-- homeCreateProject -->
  <system-out/>
  <testcase name="homeNotifcationIcon" classname="com.testcases.homePageTest">
    <skipped/>
  </testcase> <!-- homeNotifcationIcon -->
  <system-out/>
  <testcase name="homeAddQuickCreatebtn" classname="com.testcases.homePageTest">
    <skipped/>
  </testcase> <!-- homeAddQuickCreatebtn -->
  <system-out/>
  <testcase name="homeTimesheet" classname="com.testcases.homePageTest">
    <skipped/>
  </testcase> <!-- homeTimesheet -->
  <system-out/>
  <testcase name="homeProject" classname="com.testcases.homePageTest">
    <skipped/>
  </testcase> <!-- homeProject -->
  <system-out/>
  <testcase name="homeWorkflow" classname="com.testcases.homePageTest">
    <skipped/>
  </testcase> <!-- homeWorkflow -->
  <system-out/>
</testsuite> <!-- com.testcases.homePageTest -->
