<?xml version="1.0" encoding="UTF-8"?>
<!-- Generated by org.testng.reporters.JUnitReportReporter -->
<testsuite skipped="0" hostname="DESKTOP-8VB0F45" name="com.testcases.signUpTest" tests="1" failures="0" timestamp="2022-01-10T13:51:08 IST" time="14.654" errors="0">
  <testcase name="signUpDetails" time="14.654" classname="com.testcases.signUpTest"/>
  <system-out/>
</testsuite> <!-- com.testcases.signUpTest -->
