<?xml version="1.0" encoding="UTF-8"?>
<!-- Generated by org.testng.reporters.JUnitReportReporter -->
<testsuite name="com.Tudu.utility.ExcelUtil" tests="1" time="0.743" ignored="2" failures="0" timestamp="05 Dec 2021 11:51:13 GMT" skipped="0" hostname="DESKTOP-8VB0F45" errors="0">
  <testcase name="getCellCountString" time="0.743" classname="com.Tudu.utility.ExcelUtil"/>
  <testcase name="getCellCountNumeric" classname="com.Tudu.utility.ExcelUtil">
    <skipped/>
  </testcase> <!-- getCellCountNumeric -->
  <testcase name="getRowCount" classname="com.Tudu.utility.ExcelUtil">
    <skipped/>
  </testcase> <!-- getRowCount -->
</testsuite> <!-- com.Tudu.utility.ExcelUtil -->
