<?xml version="1.0" encoding="UTF-8"?>
<!-- Generated by org.testng.reporters.JUnitReportReporter -->
<testsuite name="com.TuduApp.testScripts.loginPage" tests="1" time="0.008" ignored="0" failures="0" timestamp="29 Nov 2021 07:26:06 GMT" skipped="0" hostname="DESKTOP-8VB0F45" errors="0">
  <testcase name="Method" time="0.008" classname="com.TuduApp.testScripts.loginPage"/>
</testsuite> <!-- com.TuduApp.testScripts.loginPage -->
