<?xml version="1.0" encoding="UTF-8"?>
<!-- Generated by org.testng.reporters.JUnitReportReporter -->
<testsuite skipped="0" hostname="DESKTOP-8VB0F45" name="com.testcases.signUpTest" tests="1" failures="0" timestamp="2022-01-12T13:29:33 IST" time="16.978" errors="0">
  <testcase name="signUpDetails" time="16.978" classname="com.testcases.signUpTest"/>
  <system-out/>
</testsuite> <!-- com.testcases.signUpTest -->
