<?xml version="1.0" encoding="UTF-8"?>
<!-- Generated by org.testng.reporters.JUnitReportReporter -->
<testsuite name="com.Tudu.utility.ExcelUtils" tests="2" time="2.108" ignored="0" failures="0" timestamp="13 Dec 2021 06:37:38 GMT" skipped="0" hostname="DESKTOP-8VB0F45" errors="0">
  <testcase name="signUpDetails" time="0.974" classname="com.Tudu.utility.ExcelUtils"/>
  <testcase name="signUpDetails" time="1.134" classname="com.Tudu.utility.ExcelUtils"/>
</testsuite> <!-- com.Tudu.utility.ExcelUtils -->
