<?xml version="1.0" encoding="UTF-8"?>
<!-- Generated by org.testng.reporters.JUnitReportReporter -->
<testsuite name="com.Tudu.utility.TC_dataDriven" tests="3" time="45.772" ignored="30" failures="0" timestamp="20 Dec 2021 14:50:07 GMT" skipped="0" hostname="DESKTOP-8VB0F45" errors="0">
  <testcase name="Aimdek" time="14.412" classname="com.Tudu.utility.TC_dataDriven"/>
  <testcase name="Aimdek" time="16.519" classname="com.Tudu.utility.TC_dataDriven"/>
  <testcase name="Aimdek" time="14.841" classname="com.Tudu.utility.TC_dataDriven"/>
  <testcase name="validateForgotPassword" classname="com.testcases.loginPageTest">
    <skipped/>
  </testcase> <!-- validateForgotPassword -->
  <testcase name="Login_TC_002" classname="com.testcases.loginPageTest">
    <skipped/>
  </testcase> <!-- Login_TC_002 -->
  <testcase name="Login_TC_001" classname="com.testcases.loginPageTest">
    <skipped/>
  </testcase> <!-- Login_TC_001 -->
  <testcase name="validateSignUp" classname="com.testcases.loginPageTest">
    <skipped/>
  </testcase> <!-- validateSignUp -->
  <testcase name="tearDown" classname="com.TestBase.TestBase">
    <skipped/>
  </testcase> <!-- tearDown -->
  <testcase name="tearDown" classname="com.TestBase.TestBase">
    <skipped/>
  </testcase> <!-- tearDown -->
  <testcase name="tearDown" classname="com.TestBase.TestBase">
    <skipped/>
  </testcase> <!-- tearDown -->
  <testcase name="tearDown" classname="com.TestBase.TestBase">
    <skipped/>
  </testcase> <!-- tearDown -->
  <testcase name="tearDown" classname="com.TestBase.TestBase">
    <skipped/>
  </testcase> <!-- tearDown -->
  <testcase name="tearDown" classname="com.TestBase.TestBase">
    <skipped/>
  </testcase> <!-- tearDown -->
  <testcase name="loadConfig" classname="com.TestBase.TestBase">
    <skipped/>
  </testcase> <!-- loadConfig -->
  <testcase name="loadConfig" classname="com.TestBase.TestBase">
    <skipped/>
  </testcase> <!-- loadConfig -->
  <testcase name="loadConfig" classname="com.TestBase.TestBase">
    <skipped/>
  </testcase> <!-- loadConfig -->
  <testcase name="loadConfig" classname="com.TestBase.TestBase">
    <skipped/>
  </testcase> <!-- loadConfig -->
  <testcase name="loadConfig" classname="com.TestBase.TestBase">
    <skipped/>
  </testcase> <!-- loadConfig -->
  <testcase name="loadConfig" classname="com.TestBase.TestBase">
    <skipped/>
  </testcase> <!-- loadConfig -->
  <testcase name="forgotPwdWorkEmail" classname="com.testcases.forgotPasswordPageTest">
    <skipped/>
  </testcase> <!-- forgotPwdWorkEmail -->
  <testcase name="fogotPwdSubmit" classname="com.testcases.forgotPasswordPageTest">
    <skipped/>
  </testcase> <!-- fogotPwdSubmit -->
  <testcase name="homeProject" classname="com.testcases.homePageTest">
    <skipped/>
  </testcase> <!-- homeProject -->
  <testcase name="homeUserProfile" classname="com.testcases.homePageTest">
    <skipped/>
  </testcase> <!-- homeUserProfile -->
  <testcase name="homeCreateProject" classname="com.testcases.homePageTest">
    <skipped/>
  </testcase> <!-- homeCreateProject -->
  <testcase name="homeHeaderSearchBar" classname="com.testcases.homePageTest">
    <skipped/>
  </testcase> <!-- homeHeaderSearchBar -->
  <testcase name="homeAddQuickCreatebtn" classname="com.testcases.homePageTest">
    <skipped/>
  </testcase> <!-- homeAddQuickCreatebtn -->
  <testcase name="homeTimesheet" classname="com.testcases.homePageTest">
    <skipped/>
  </testcase> <!-- homeTimesheet -->
  <testcase name="homeWorkflow" classname="com.testcases.homePageTest">
    <skipped/>
  </testcase> <!-- homeWorkflow -->
  <testcase name="homeNotifcationIcon" classname="com.testcases.homePageTest">
    <skipped/>
  </testcase> <!-- homeNotifcationIcon -->
  <testcase name="homeAppSettings" classname="com.testcases.homePageTest">
    <skipped/>
  </testcase> <!-- homeAppSettings -->
  <testcase name="homeSearchProject" classname="com.testcases.homePageTest">
    <skipped/>
  </testcase> <!-- homeSearchProject -->
  <testcase name="createNewProject" classname="com.testcases.createProjectPageTest">
    <skipped/>
  </testcase> <!-- createNewProject -->
  <testcase name="signUpDetails" classname="com.testcases.signUpTest">
    <skipped/>
  </testcase> <!-- signUpDetails -->
</testsuite> <!-- com.Tudu.utility.TC_dataDriven -->
