<?xml version="1.0" encoding="UTF-8"?>
<!-- Generated by org.testng.reporters.JUnitReportReporter -->
<testsuite skipped="0" hostname="DESKTOP-8VB0F45" name="com.testcases.confirmPasswordPageTest" tests="1" failures="0" timestamp="2022-01-10T13:51:08 IST" time="30.812" errors="0">
  <testcase name="changePassword" time="30.812" classname="com.testcases.confirmPasswordPageTest"/>
  <system-out/>
</testsuite> <!-- com.testcases.confirmPasswordPageTest -->
