<?xml version="1.0" encoding="UTF-8"?>
<!-- Generated by org.testng.reporters.JUnitReportReporter -->
<testsuite skipped="0" hostname="DESKTOP-8VB0F45" name="com.testcases.confirmPasswordPageTest" tests="1" failures="0" timestamp="2022-03-25T14:07:35 IST" time="27.157" errors="0">
  <testcase name="changePassword" time="27.157" classname="com.testcases.confirmPasswordPageTest"/>
  <system-out/>
</testsuite> <!-- com.testcases.confirmPasswordPageTest -->
